
> prerakgada@0.1.0 build
> vite build

vite v5.4.21 building for production...
transforming...
✓ 457 modules transformed.
rendering chunks...
computing gzip size...
build/index.html                                  3.19 kB │ gzip:  1.21 kB
build/assets/ieee-logo-Dl2OwYWg.jpeg              4.50 kB
build/assets/ace-B4RKpoml.jpeg                    6.03 kB
build/assets/skill-bfopk0_0.svg                   8.32 kB │ gzip:  2.74 kB
build/assets/citjo-COKxDQmb.png                   8.81 kB
build/assets/engaze-bsCFgoKx.png                 10.44 kB
build/assets/netajiapp-CcjguxHW.jpeg             17.98 kB
build/assets/developerActivity-DkUw2ab9.svg      27.64 kB │ gzip:  6.12 kB
build/assets/contactMailDark-e3VCw-5k.svg        29.12 kB │ gzip:  9.84 kB
build/assets/sbmp-STB2LH6V.jpeg                  30.28 kB
build/assets/freelancer-DLDSE5I6.jpeg            32.92 kB
build/assets/manOnTable-DrXp3uR2.svg             45.93 kB │ gzip: 13.31 kB
build/assets/hb-BeGXUJQS.jpg                     67.73 kB
build/assets/kjsce-skGrlnks.jpeg                 89.01 kB
build/assets/Agustina-QfTSMhmS.woff              96.93 kB
build/assets/gdsc-CSGiEXlO.png                  125.46 kB
build/assets/boult-C8Z0n_Br.png                 159.49 kB
build/assets/Montserrat-Regular-dKSYcarW.ttf    245.71 kB
build/assets/unscript_rookies-EgNTeqIv.png      258.00 kB
build/assets/iot_paper-CuENWAj9.png             478.53 kB
build/assets/spit-Crg3D_wk.png                1,527.32 kB
build/assets/loc4-DDS_zSDH.png                2,406.99 kB
build/assets/GithubProfileCard-DREOgnjH.css       1.13 kB │ gzip:  0.49 kB
build/assets/GithubRepoCard-BdAQnbU0.css          1.37 kB │ gzip:  0.56 kB
build/assets/index-C9r170bs.css                   7.68 kB │ gzip:  2.58 kB
build/assets/index-CM1Ml5D7.css                  27.30 kB │ gzip:  5.78 kB
build/assets/index-F8WZvx-B.css                  28.81 kB │ gzip:  5.46 kB
build/assets/GithubProfileCard-CGN5mz7Y.js        1.61 kB │ gzip:  0.75 kB
build/assets/GithubRepoCard-FnR_tzqi.js           2.64 kB │ gzip:  1.01 kB
build/assets/index-DWxWdfYx.js                    3.28 kB │ gzip:  1.58 kB
build/assets/index-B3_PwNwf.js                   22.90 kB │ gzip:  4.65 kB
build/assets/portfolio-wsefdwE9.js               53.55 kB │ gzip: 12.48 kB
build/assets/react-D9QFpqX7.js                  156.89 kB │ gzip: 50.09 kB
build/assets/index-BgQk5hlx.js                  356.35 kB │ gzip: 51.77 kB
build/assets/animations-DDneEAAA.js             372.94 kB │ gzip: 95.95 kB
✓ built in 1.37s
