[debug] [2023-11-24T19:51:26.399Z] ----------------------------------------------------------------------
[debug] [2023-11-24T19:51:26.399Z] Command:       /Users/prerak/.nvm/versions/node/v16.20.1/bin/node /Users/prerak/.nvm/versions/node/v16.20.1/bin/firebase deploy
[debug] [2023-11-24T19:51:26.400Z] CLI Version:   12.4.8
[debug] [2023-11-24T19:51:26.400Z] Platform:      darwin
[debug] [2023-11-24T19:51:26.400Z] Node Version:  v16.20.1
[debug] [2023-11-24T19:51:26.403Z] Time:          Sat Nov 25 2023 01:21:26 GMT+0530 (India Standard Time)
[debug] [2023-11-24T19:51:26.403Z] ----------------------------------------------------------------------
[debug] 
[debug] [2023-11-24T19:51:26.405Z] >>> [apiv2][query] GET https://firebase-public.firebaseio.com/cli.json [none]
[debug] [2023-11-24T19:51:26.445Z] > command requires scopes: ["email","openid","https://www.googleapis.com/auth/cloudplatformprojects.readonly","https://www.googleapis.com/auth/firebase","https://www.googleapis.com/auth/cloud-platform"]
[debug] [2023-11-24T19:51:26.446Z] > authorizing via signed-in user (prerakgada07@gmail.com)
[debug] [2023-11-24T19:51:26.446Z] [iam] checking project portfolio-f5231 for permissions ["firebase.projects.get","firebasehosting.sites.update"]
[debug] [2023-11-24T19:51:26.446Z] > refreshing access token with scopes: []
[debug] [2023-11-24T19:51:26.447Z] >>> [apiv2][query] POST https://www.googleapis.com/oauth2/v3/token [none]
[debug] [2023-11-24T19:51:26.447Z] >>> [apiv2][body] POST https://www.googleapis.com/oauth2/v3/token [omitted]
[debug] [2023-11-24T19:51:26.749Z] <<< [apiv2][status] POST https://www.googleapis.com/oauth2/v3/token 200
[debug] [2023-11-24T19:51:26.750Z] <<< [apiv2][body] POST https://www.googleapis.com/oauth2/v3/token [omitted]
[debug] [2023-11-24T19:51:26.767Z] >>> [apiv2][query] POST https://cloudresourcemanager.googleapis.com/v1/projects/portfolio-f5231:testIamPermissions [none]
[debug] [2023-11-24T19:51:26.768Z] >>> [apiv2][(partial)header] POST https://cloudresourcemanager.googleapis.com/v1/projects/portfolio-f5231:testIamPermissions x-goog-quota-user=projects/portfolio-f5231
[debug] [2023-11-24T19:51:26.768Z] >>> [apiv2][body] POST https://cloudresourcemanager.googleapis.com/v1/projects/portfolio-f5231:testIamPermissions {"permissions":["firebase.projects.get","firebasehosting.sites.update"]}
[debug] [2023-11-24T19:51:27.215Z] <<< [apiv2][status] GET https://firebase-public.firebaseio.com/cli.json 200
[debug] [2023-11-24T19:51:27.215Z] <<< [apiv2][body] GET https://firebase-public.firebaseio.com/cli.json {"cloudBuildErrorAfter":1594252800000,"cloudBuildWarnAfter":1590019200000,"defaultNode10After":1594252800000,"minVersion":"3.0.5","node8DeploysDisabledAfter":1613390400000,"node8RuntimeDisabledAfter":1615809600000,"node8WarnAfter":1600128000000}
[debug] [2023-11-24T19:51:28.313Z] <<< [apiv2][status] POST https://cloudresourcemanager.googleapis.com/v1/projects/portfolio-f5231:testIamPermissions 200
[debug] [2023-11-24T19:51:28.313Z] <<< [apiv2][body] POST https://cloudresourcemanager.googleapis.com/v1/projects/portfolio-f5231:testIamPermissions {"permissions":["firebase.projects.get","firebasehosting.sites.update"]}
[debug] [2023-11-24T19:51:28.314Z] >>> [apiv2][query] GET https://firebase.googleapis.com/v1beta1/projects/portfolio-f5231 [none]
[debug] [2023-11-24T19:51:29.134Z] <<< [apiv2][status] GET https://firebase.googleapis.com/v1beta1/projects/portfolio-f5231 200
[debug] [2023-11-24T19:51:29.134Z] <<< [apiv2][body] GET https://firebase.googleapis.com/v1beta1/projects/portfolio-f5231 {"projectId":"portfolio-f5231","projectNumber":"894847288141","displayName":"Portfolio","name":"projects/portfolio-f5231","resources":{"hostingSite":"portfolio-f5231"},"state":"ACTIVE","etag":"1_39fb7d38-5dee-485c-9cb4-4d90e35cae54"}
[info] 
[info] === Deploying to 'portfolio-f5231'...
[info] 
[info] i  deploying hosting 
[debug] [2023-11-24T19:51:29.136Z] >>> [apiv2][query] POST https://firebasehosting.googleapis.com/v1beta1/projects/-/sites/portfolio-f5231/versions [none]
[debug] [2023-11-24T19:51:29.136Z] >>> [apiv2][body] POST https://firebasehosting.googleapis.com/v1beta1/projects/-/sites/portfolio-f5231/versions {"status":"CREATED","labels":{"deployment-tool":"cli-firebase"}}
[debug] [2023-11-24T19:51:30.576Z] <<< [apiv2][status] POST https://firebasehosting.googleapis.com/v1beta1/projects/-/sites/portfolio-f5231/versions 200
[debug] [2023-11-24T19:51:30.576Z] <<< [apiv2][body] POST https://firebasehosting.googleapis.com/v1beta1/projects/-/sites/portfolio-f5231/versions {"name":"projects/894847288141/sites/portfolio-f5231/versions/41b1a3f5c08f7c54","status":"CREATED","config":{},"labels":{"deployment-tool":"cli-firebase"}}
[info] i  hosting[portfolio-f5231]: beginning deploy... 
[info] i  hosting[portfolio-f5231]: found 49 files in build 
[debug] [2023-11-24T19:51:30.583Z] [hosting] uploading with 200 concurrency
[debug] [2023-11-24T19:51:30.788Z] [hosting] hash cache [YnVpbGQ] stored for 49 files
[debug] [2023-11-24T19:51:30.788Z] [hosting][hash queue][FINAL] {"max":200,"min":10,"avg":28.387755102040817,"active":0,"complete":49,"success":49,"errored":0,"retried":0,"total":49,"elapsed":203}
[debug] [2023-11-24T19:51:30.789Z] >>> [apiv2][query] POST https://firebasehosting.googleapis.com/v1beta1/projects/894847288141/sites/portfolio-f5231/versions/41b1a3f5c08f7c54:populateFiles [none]
[debug] [2023-11-24T19:51:30.789Z] >>> [apiv2][body] POST https://firebasehosting.googleapis.com/v1beta1/projects/894847288141/sites/portfolio-f5231/versions/41b1a3f5c08f7c54:populateFiles {"files":{"/asset-manifest.json":"dd5b261188b73cff3e497271eae4d119711c39c77d4a0b73b322df14efa374cb","/browserconfig.xml":"c7173b46564bf9f8d4b4b618ec3c50b97bfe71e1afb6ac5f8cd09993aaee583e","/favicon-16x16.png":"f961fdbb4818f13023c7523c7d2e8087e52c9f57fab4b4f4185fb44808086cdf","/favicon-32x32.png":"cb3d66ccebe4361a7eae247120fd7ae9c39d29dfd6fb52b3dd6714b9637154d1","/index.html":"acbcccad7df458725b3516e6eb24e9b138f3cddd1431cb1bdf9ed63a8b6ccc95","/manifest.json":"c6d383337ea83e48ad420c37285e8eb4aeb2e1b5c54ccdff106994336b3fd195","/memoji.ico":"fa5493a748b880c8014ed50d6a45458a7e69a636a4ca4495bc35862e0c6dc77a","/robots.txt":"381eb2c6776dd7924af6a6f8761e8720f5c7fb210451f07f2d13cf52af3073d2","/static/css/769.70f3b610.chunk.css":"c6bb25eb549638d54d9685424b2325dd43d762f5c283dbba5c08b2c7c6fac30a","/safari-pinned-tab.svg":"b27e5e370d9c33c29481f29aae5eb5a2b350ebb40621045c660ae2bd5a185172","/static/css/64.917cfe77.chunk.css":"26fc8936077e69489d620bcede7d183717299ff5420be30ff168b170df7e4d8f","/static/css/64.917cfe77.chunk.css.map":"998f61e420417e0cb6363fc834bc20fe289dc82d81f72ca2d98e1656b74d69a2","/favicon.ico":"e9eca25bea935f1fdd6bd38bb112344888fd754cd1194587b997cbd8e66a5509","/static/css/769.70f3b610.chunk.css.map":"746c269ff4f46c29950c6dec255b8191c6995acc4e3010c9c121c72ccbc06415","/static/js/64.b5295ff1.chunk.js.map":"6cb236368519b765fc31b177d892c985b45ae6f6503dbc0504a34de015b26408","/static/js/769.372b0ef7.chunk.js":"392a88997a14457baddee777224245a54bb7201f00ee942df7ed1baaafd3f48b","/static/js/64.b5295ff1.chunk.js":"15efdcc6f57483b37561dcc95deb2deb51f5f1b4b31255e691d6b2751f83e3f6","/static/js/769.372b0ef7.chunk.js.map":"d0149ece04120936e032b4b380549f5ca9d348d04b3d5a37984f590079494a0e","/static/css/main.73ffea83.css":"6be6ac9e2f6c0045cc66635db01d78dac08af09fb4b73f9755f8d564f298258f","/static/js/main.2571eea5.js.LICENSE.txt":"bd5a03dad9e46f91a3aeceba39392a3e7f96299c147260628883ed913379abc0","/static/media/codeInLogo.e41a71d512efeda2a55c.webp":"5a576a3b8bc3f03c00ef9d2df3a72ba7515bc9574037cc71ba18e93a3067450c","/static/css/main.73ffea83.css.map":"34e0d0dd630e942e322db77511e1e6a56b8eb9cf3f9d3f3549b1d66f5f37be5e","/static/media/developerActivity.2c0445cae86f4243433a2f5a22b2c031.svg":"16a722d1199b38b228cc6caef1b336b24af8b1fcfdf9c46da6e4faee098691a5","/static/media/pwaLogo.8bf2293da0ca66249e37.webp":"6426cb6061fdffdff82126dd5d4397412a719b16f0d0a9c71558d2965df2c032","/static/media/saayaHealthLogo.60b27d1f184fadfce43a.webp":"261e31ed257fda7636c5fd15dc9ef86a9f3b92acd15e2b346083abc2b964282b","/static/media/nextuLogo.e033dbfa4c58c0a906aa.webp":"3a5fb3d441fc56a2517bfce1d77ac355dfa8f5bb4984e038471096e1ad94d842","/static/media/talksCardBack.73ed1545d58273ba64b0.svg":"c483a3c1590a4626ce949b4c623dedc9fd694b33ddc6813c2d599513fb370a8c","/static/media/skill.35a147662ab0a1d15e579690446e0258.svg":"698b19fac9f5d8e6beca2569c8d1ca73ed3e5319922b0f6157cb81d36cbf0f50","/static/media/contactMailDark.1db650d351729a0f17b4e3104e6a7b7a.svg":"a2773e92eaef9410432cb28c13e7a9db7572b1c7830762b496f33ad2fdaddd7b","/static/media/manOnTable.8f117eb207e57ed8f89d67d595aceb45.svg":"83e8ce7d02d59d2e703244e2516cd16f93cc88512c72cdcbe2e77e39e9c661c8","/mstile-150x150.png":"1bd27b7889d51b683412ef27c0360e28a20af97ff8643cff5319e64f43093219","/static/media/googleAssistantLogo.f720c71652579588524a.webp":"9a0ec5f1abcdd2c725afbb7699b3dd2652fb898ef291f0a5734054a783b23f7f","/static/media/sbmp.73bc07e241ed409d3931.jpeg":"7061666f66afc84810e2d428a4964560c8bd5ad34af80ecab66d3fbefba56d9b","/apple-touch-icon.png":"edd73ac515ce2e36a5c616d2404123b0ea4d6ed92c75032c55242f931424fd77","/android-chrome-192x192.png":"fcf601effc9128d6962af6da89d1bbaebe720272afb7e63b5b03158a9980efae","/memoji.png":"d1d53f848bcef4d1d7f26a54ee4125907a205a0f7f69786d5328af2a8ef04f30","/static/media/hb.066cbaf4b86ee9b08350.jpg":"90db22742999e6b07b9fd33f942074976b64b756a9afd0e4718418e95108e5e0","/resume.pdf":"5f3d05cd6059d70e24ec0d51056d2dbd7ba79cd46766249bb09cb613d241876f","/static/media/Agustina.eb0c59dda4cc308cba96.woff":"6becbcd55966e46f55048ee681f44f41eb6fab77dff85811fa478410686b210c","/android-chrome-384x384.png":"73db2662b7d423116fbb95837bb333ad024a1cbe1faecd61c313fb1bdc5f52c3","/static/media/Montserrat-Regular.3cd786652b8a2e9d41f2.ttf":"14a4c5b19a4f02af70cf2c47032d91aecde2d3fcb93b25e99ecfabf66eb5bdf7","/explore.pdf":"3b56cddc9377742134baf0cb1d410f544cbbcbac49e49ed3edf576618dbe9578","/static/js/main.2571eea5.js":"6ac68d13258f650d8847ec545c3b42a82731b04f51aeab25584a015b06bedf52","/flutter.pdf":"a0205061be9bb4d91e1217e1ee50571e19820ebddf5b42d813352f6c440e017c","/gdsc-session-1.pdf":"56dbb82a8d2c60a026a1d71618da41bec0bd3f930cdde9ad3dd5d0e637def5a1","/server_arch.pptx":"d7258b09b6d771dc0db770d41f154f4b41a61a0274b66c6fe151c61b9a9e9dac","/django.pdf":"98346ebef5760f52f9db168a6d5b83c8d902956c4af6bd401436765e5a437b95","/freelance.pdf":"1e9b466c313a645b55e4773be1505342c61e72e672e29cf1509e9655467819a8","/static/js/main.2571eea5.js.map":"3a8491c0e49253635d4c1a960015d9ac0a3a0595725e01b0b67fb25b311b4413"}}
[debug] [2023-11-24T19:51:32.055Z] <<< [apiv2][status] POST https://firebasehosting.googleapis.com/v1beta1/projects/894847288141/sites/portfolio-f5231/versions/41b1a3f5c08f7c54:populateFiles 200
[debug] [2023-11-24T19:51:32.055Z] <<< [apiv2][body] POST https://firebasehosting.googleapis.com/v1beta1/projects/894847288141/sites/portfolio-f5231/versions/41b1a3f5c08f7c54:populateFiles {"uploadRequiredHashes":["5f3d05cd6059d70e24ec0d51056d2dbd7ba79cd46766249bb09cb613d241876f"],"uploadUrl":"https://upload-firebasehosting.googleapis.com/upload/sites/portfolio-f5231/versions/41b1a3f5c08f7c54/files"}
[debug] [2023-11-24T19:51:32.056Z] >>> [apiv2][query] POST https://upload-firebasehosting.googleapis.com/upload/sites/portfolio-f5231/versions/41b1a3f5c08f7c54/files/5f3d05cd6059d70e24ec0d51056d2dbd7ba79cd46766249bb09cb613d241876f [none]
[debug] [2023-11-24T19:51:32.057Z] >>> [apiv2][body] POST https://upload-firebasehosting.googleapis.com/upload/sites/portfolio-f5231/versions/41b1a3f5c08f7c54/files/5f3d05cd6059d70e24ec0d51056d2dbd7ba79cd46766249bb09cb613d241876f [stream]
[debug] [2023-11-24T19:51:32.058Z] [hosting][populate queue][FINAL] {"max":1269,"min":1269,"avg":1269,"active":0,"complete":1,"success":1,"errored":0,"retried":0,"total":1,"elapsed":1271}
[debug] [2023-11-24T19:51:32.058Z] [hosting] uploads queued: 1
[debug] [2023-11-24T19:51:33.590Z] <<< [apiv2][status] POST https://upload-firebasehosting.googleapis.com/upload/sites/portfolio-f5231/versions/41b1a3f5c08f7c54/files/5f3d05cd6059d70e24ec0d51056d2dbd7ba79cd46766249bb09cb613d241876f 200
[debug] [2023-11-24T19:51:33.590Z] <<< [apiv2][body] POST https://upload-firebasehosting.googleapis.com/upload/sites/portfolio-f5231/versions/41b1a3f5c08f7c54/files/5f3d05cd6059d70e24ec0d51056d2dbd7ba79cd46766249bb09cb613d241876f [stream]
[debug] [2023-11-24T19:51:33.590Z] [hosting][upload queue][FINAL] {"max":1534,"min":1534,"avg":1534,"active":0,"complete":1,"success":1,"errored":0,"retried":0,"total":1,"elapsed":1534}
[info] ✔  hosting[portfolio-f5231]: file upload complete 
[debug] [2023-11-24T19:51:33.591Z] [hosting] deploy completed after 3014ms
[debug] [2023-11-24T19:51:33.591Z] [
  {
    "config": {
      "public": "build",
      "ignore": [
        "firebase.json",
        "**/.*",
        "**/node_modules/**"
      ],
      "site": "portfolio-f5231"
    },
    "version": "projects/894847288141/sites/portfolio-f5231/versions/41b1a3f5c08f7c54"
  }
]
[info] i  hosting[portfolio-f5231]: finalizing version... 
[debug] [2023-11-24T19:51:33.592Z] >>> [apiv2][query] PATCH https://firebasehosting.googleapis.com/v1beta1/projects/-/sites/portfolio-f5231/versions/41b1a3f5c08f7c54 updateMask=status%2Cconfig
[debug] [2023-11-24T19:51:33.592Z] >>> [apiv2][body] PATCH https://firebasehosting.googleapis.com/v1beta1/projects/-/sites/portfolio-f5231/versions/41b1a3f5c08f7c54 {"status":"FINALIZED","config":{}}
